::1 - - [19/Jan/2016:19:01:00 +0000] "GET /special HTTP/1.1" 404 20 "-" "Mozilla/5.0 (Macintosh; Intel Mac OS X 10_11_2) AppleWebKit/537.36 (KHTML, like Gecko) Chrome/47.0.2526.106 Safari/537.36"
::1 - - [19/Jan/2016:19:01:07 +0000] "GET / HTTP/1.1" 200 13 "-" "Mozilla/5.0 (Macintosh; Intel Mac OS X 10_11_2) AppleWebKit/537.36 (KHTML, like Gecko) Chrome/47.0.2526.106 Safari/537.36"
::1 - - [19/Jan/2016:19:01:11 +0000] "GET / HTTP/1.1" 304 - "-" "Mozilla/5.0 (Macintosh; Intel Mac OS X 10_11_2) AppleWebKit/537.36 (KHTML, like Gecko) Chrome/47.0.2526.106 Safari/537.36"
::1 - - [19/Jan/2016:19:01:53 +0000] "GET / HTTP/1.1" 304 - "-" "Mozilla/5.0 (Macintosh; Intel Mac OS X 10_11_2) AppleWebKit/537.36 (KHTML, like Gecko) Chrome/47.0.2526.106 Safari/537.36"
::1 - - [19/Jan/2016:19:06:05 +0000] "GET /frank HTTP/1.1" 404 18 "-" "Mozilla/5.0 (Macintosh; Intel Mac OS X 10_11_2) AppleWebKit/537.36 (KHTML, like Gecko) Chrome/47.0.2526.106 Safari/537.36"
::1 - - [19/Jan/2016:19:06:06 +0000] "GET /frank HTTP/1.1" 404 18 "-" "Mozilla/5.0 (Macintosh; Intel Mac OS X 10_11_2) AppleWebKit/537.36 (KHTML, like Gecko) Chrome/47.0.2526.106 Safari/537.36"
::1 - - [19/Jan/2016:19:08:40 +0000] "GET /special/text HTTP/1.1" 404 25 "-" "Mozilla/5.0 (Macintosh; Intel Mac OS X 10_11_2) AppleWebKit/537.36 (KHTML, like Gecko) Chrome/47.0.2526.106 Safari/537.36"
::1 - - [19/Jan/2016:19:08:54 +0000] "GET /special HTTP/1.1" 404 20 "-" "Mozilla/5.0 (Macintosh; Intel Mac OS X 10_11_2) AppleWebKit/537.36 (KHTML, like Gecko) Chrome/47.0.2526.106 Safari/537.36"
::1 - - [19/Jan/2016:19:09:08 +0000] "GET /special HTTP/1.1" 404 20 "-" "Mozilla/5.0 (Macintosh; Intel Mac OS X 10_11_2) AppleWebKit/537.36 (KHTML, like Gecko) Chrome/47.0.2526.106 Safari/537.36"
::1 - - [19/Jan/2016:19:25:55 +0000] "GET / HTTP/1.1" 200 13 "-" "Mozilla/5.0 (Macintosh; Intel Mac OS X 10_11_2) AppleWebKit/537.36 (KHTML, like Gecko) Chrome/47.0.2526.106 Safari/537.36"
::1 - - [19/Jan/2016:19:48:40 +0000] "GET / HTTP/1.1" 200 125 "-" "Mozilla/5.0 (Macintosh; Intel Mac OS X 10_11_2) AppleWebKit/537.36 (KHTML, like Gecko) Chrome/47.0.2526.106 Safari/537.36"
::1 - - [19/Jan/2016:20:33:40 +0000] "GET /special/ HTTP/1.1" 404 21 "-" "Mozilla/5.0 (Macintosh; Intel Mac OS X 10_11_2) AppleWebKit/537.36 (KHTML, like Gecko) Chrome/47.0.2526.106 Safari/537.36"
::1 - - [19/Jan/2016:20:51:35 +0000] "GET /users/%22Scott%20Stackson%22 HTTP/1.1" 500 1213 "-" "Mozilla/5.0 (Macintosh; Intel Mac OS X 10_11_2) AppleWebKit/537.36 (KHTML, like Gecko) Chrome/47.0.2526.106 Safari/537.36"
::1 - - [19/Jan/2016:20:52:15 +0000] "GET /users/%22Scott%20Stackson%22 HTTP/1.1" 200 3334 "-" "Mozilla/5.0 (Macintosh; Intel Mac OS X 10_11_2) AppleWebKit/537.36 (KHTML, like Gecko) Chrome/47.0.2526.106 Safari/537.36"
::1 - - [19/Jan/2016:20:52:18 +0000] "GET /users/%22Scott%20Stackson%22 HTTP/1.1" 304 - "-" "Mozilla/5.0 (Macintosh; Intel Mac OS X 10_11_2) AppleWebKit/537.36 (KHTML, like Gecko) Chrome/47.0.2526.106 Safari/537.36"
::1 - - [19/Jan/2016:20:52:20 +0000] "GET /users/%22Scott%20Stackson%22 HTTP/1.1" 304 - "-" "Mozilla/5.0 (Macintosh; Intel Mac OS X 10_11_2) AppleWebKit/537.36 (KHTML, like Gecko) Chrome/47.0.2526.106 Safari/537.36"
::1 - - [19/Jan/2016:20:52:24 +0000] "GET /users/%22Scott%20Stackson%22 HTTP/1.1" 304 - "-" "Mozilla/5.0 (Macintosh; Intel Mac OS X 10_11_2) AppleWebKit/537.36 (KHTML, like Gecko) Chrome/47.0.2526.106 Safari/537.36"
::1 - - [19/Jan/2016:20:52:35 +0000] "GET /users/%22Scott%20Stackson%22 HTTP/1.1" 304 - "-" "Mozilla/5.0 (Macintosh; Intel Mac OS X 10_11_2) AppleWebKit/537.36 (KHTML, like Gecko) Chrome/47.0.2526.106 Safari/537.36"
::1 - - [19/Jan/2016:20:52:39 +0000] "GET /users/Scott%20Stackson HTTP/1.1" 200 3334 "-" "Mozilla/5.0 (Macintosh; Intel Mac OS X 10_11_2) AppleWebKit/537.36 (KHTML, like Gecko) Chrome/47.0.2526.106 Safari/537.36"
::1 - - [19/Jan/2016:20:52:42 +0000] "GET /users/Scott%20Stackson HTTP/1.1" 304 - "-" "Mozilla/5.0 (Macintosh; Intel Mac OS X 10_11_2) AppleWebKit/537.36 (KHTML, like Gecko) Chrome/47.0.2526.106 Safari/537.36"
::1 - - [19/Jan/2016:20:52:47 +0000] "GET /users/Scott HTTP/1.1" 200 3334 "-" "Mozilla/5.0 (Macintosh; Intel Mac OS X 10_11_2) AppleWebKit/537.36 (KHTML, like Gecko) Chrome/47.0.2526.106 Safari/537.36"
::1 - - [19/Jan/2016:20:52:51 +0000] "GET /users/ HTTP/1.1" 404 19 "-" "Mozilla/5.0 (Macintosh; Intel Mac OS X 10_11_2) AppleWebKit/537.36 (KHTML, like Gecko) Chrome/47.0.2526.106 Safari/537.36"
::1 - - [19/Jan/2016:20:52:54 +0000] "GET /users/* HTTP/1.1" 200 3334 "-" "Mozilla/5.0 (Macintosh; Intel Mac OS X 10_11_2) AppleWebKit/537.36 (KHTML, like Gecko) Chrome/47.0.2526.106 Safari/537.36"
::1 - - [19/Jan/2016:20:54:28 +0000] "GET /users/Scott HTTP/1.1" 304 - "-" "Mozilla/5.0 (Macintosh; Intel Mac OS X 10_11_2) AppleWebKit/537.36 (KHTML, like Gecko) Chrome/47.0.2526.106 Safari/537.36"
::1 - - [19/Jan/2016:20:55:07 +0000] "GET /users/Scott HTTP/1.1" 304 - "-" "Mozilla/5.0 (Macintosh; Intel Mac OS X 10_11_2) AppleWebKit/537.36 (KHTML, like Gecko) Chrome/47.0.2526.106 Safari/537.36"
::1 - - [19/Jan/2016:20:55:09 +0000] "GET /users/Scott HTTP/1.1" 304 - "-" "Mozilla/5.0 (Macintosh; Intel Mac OS X 10_11_2) AppleWebKit/537.36 (KHTML, like Gecko) Chrome/47.0.2526.106 Safari/537.36"
::1 - - [19/Jan/2016:20:55:12 +0000] "GET /users/Scott HTTP/1.1" 304 - "-" "Mozilla/5.0 (Macintosh; Intel Mac OS X 10_11_2) AppleWebKit/537.36 (KHTML, like Gecko) Chrome/47.0.2526.106 Safari/537.36"
::1 - - [19/Jan/2016:20:55:13 +0000] "GET /users/Scott HTTP/1.1" 304 - "-" "Mozilla/5.0 (Macintosh; Intel Mac OS X 10_11_2) AppleWebKit/537.36 (KHTML, like Gecko) Chrome/47.0.2526.106 Safari/537.36"
::1 - - [19/Jan/2016:20:55:16 +0000] "GET /users/ HTTP/1.1" 404 19 "-" "Mozilla/5.0 (Macintosh; Intel Mac OS X 10_11_2) AppleWebKit/537.36 (KHTML, like Gecko) Chrome/47.0.2526.106 Safari/537.36"
::1 - - [19/Jan/2016:20:55:37 +0000] "GET /users/ HTTP/1.1" 404 19 "-" "Mozilla/5.0 (Macintosh; Intel Mac OS X 10_11_2) AppleWebKit/537.36 (KHTML, like Gecko) Chrome/47.0.2526.106 Safari/537.36"
::1 - - [19/Jan/2016:20:55:40 +0000] "GET /users/scott HTTP/1.1" 200 3334 "-" "Mozilla/5.0 (Macintosh; Intel Mac OS X 10_11_2) AppleWebKit/537.36 (KHTML, like Gecko) Chrome/47.0.2526.106 Safari/537.36"
::1 - - [19/Jan/2016:20:55:53 +0000] "GET /users/scott HTTP/1.1" 404 24 "-" "Mozilla/5.0 (Macintosh; Intel Mac OS X 10_11_2) AppleWebKit/537.36 (KHTML, like Gecko) Chrome/47.0.2526.106 Safari/537.36"
::1 - - [19/Jan/2016:20:55:54 +0000] "GET /users/scott HTTP/1.1" 404 24 "-" "Mozilla/5.0 (Macintosh; Intel Mac OS X 10_11_2) AppleWebKit/537.36 (KHTML, like Gecko) Chrome/47.0.2526.106 Safari/537.36"
::1 - - [19/Jan/2016:20:55:57 +0000] "GET /users/ HTTP/1.1" 404 19 "-" "Mozilla/5.0 (Macintosh; Intel Mac OS X 10_11_2) AppleWebKit/537.36 (KHTML, like Gecko) Chrome/47.0.2526.106 Safari/537.36"
::1 - - [19/Jan/2016:20:56:05 +0000] "GET /users/ HTTP/1.1" 404 19 "-" "Mozilla/5.0 (Macintosh; Intel Mac OS X 10_11_2) AppleWebKit/537.36 (KHTML, like Gecko) Chrome/47.0.2526.106 Safari/537.36"
::1 - - [19/Jan/2016:20:56:07 +0000] "GET /users/Scott HTTP/1.1" 404 24 "-" "Mozilla/5.0 (Macintosh; Intel Mac OS X 10_11_2) AppleWebKit/537.36 (KHTML, like Gecko) Chrome/47.0.2526.106 Safari/537.36"
::1 - - [19/Jan/2016:20:56:09 +0000] "GET /users/Scott HTTP/1.1" 404 24 "-" "Mozilla/5.0 (Macintosh; Intel Mac OS X 10_11_2) AppleWebKit/537.36 (KHTML, like Gecko) Chrome/47.0.2526.106 Safari/537.36"
::1 - - [19/Jan/2016:20:56:11 +0000] "GET /users/Scott HTTP/1.1" 404 24 "-" "Mozilla/5.0 (Macintosh; Intel Mac OS X 10_11_2) AppleWebKit/537.36 (KHTML, like Gecko) Chrome/47.0.2526.106 Safari/537.36"
::1 - - [19/Jan/2016:20:56:15 +0000] "GET /users/Scott HTTP/1.1" 200 3334 "-" "Mozilla/5.0 (Macintosh; Intel Mac OS X 10_11_2) AppleWebKit/537.36 (KHTML, like Gecko) Chrome/47.0.2526.106 Safari/537.36"
::1 - - [19/Jan/2016:20:57:17 +0000] "GET /users/Scott HTTP/1.1" 304 - "-" "Mozilla/5.0 (Macintosh; Intel Mac OS X 10_11_2) AppleWebKit/537.36 (KHTML, like Gecko) Chrome/47.0.2526.106 Safari/537.36"
::1 - - [19/Jan/2016:20:57:21 +0000] "GET /users/Scott HTTP/1.1" 304 - "-" "Mozilla/5.0 (Macintosh; Intel Mac OS X 10_11_2) AppleWebKit/537.36 (KHTML, like Gecko) Chrome/47.0.2526.106 Safari/537.36"
::1 - - [19/Jan/2016:20:57:22 +0000] "GET /users/Scott HTTP/1.1" 304 - "-" "Mozilla/5.0 (Macintosh; Intel Mac OS X 10_11_2) AppleWebKit/537.36 (KHTML, like Gecko) Chrome/47.0.2526.106 Safari/537.36"
::1 - - [19/Jan/2016:20:57:30 +0000] "GET /users/Scott%20Stackson HTTP/1.1" 304 - "-" "Mozilla/5.0 (Macintosh; Intel Mac OS X 10_11_2) AppleWebKit/537.36 (KHTML, like Gecko) Chrome/47.0.2526.106 Safari/537.36"
::1 - - [19/Jan/2016:20:57:32 +0000] "GET /users/Scott%20Stackson HTTP/1.1" 304 - "-" "Mozilla/5.0 (Macintosh; Intel Mac OS X 10_11_2) AppleWebKit/537.36 (KHTML, like Gecko) Chrome/47.0.2526.106 Safari/537.36"
::1 - - [19/Jan/2016:20:58:03 +0000] "GET /users/Scott%20Stackson HTTP/1.1" 304 - "-" "Mozilla/5.0 (Macintosh; Intel Mac OS X 10_11_2) AppleWebKit/537.36 (KHTML, like Gecko) Chrome/47.0.2526.106 Safari/537.36"
::1 - - [19/Jan/2016:20:58:21 +0000] "GET /users/Scott%20Stackson HTTP/1.1" 304 - "-" "Mozilla/5.0 (Macintosh; Intel Mac OS X 10_11_2) AppleWebKit/537.36 (KHTML, like Gecko) Chrome/47.0.2526.106 Safari/537.36"
::1 - - [19/Jan/2016:20:59:47 +0000] "GET /users/Scott%20Stackson HTTP/1.1" 304 - "-" "Mozilla/5.0 (Macintosh; Intel Mac OS X 10_11_2) AppleWebKit/537.36 (KHTML, like Gecko) Chrome/47.0.2526.106 Safari/537.36"
::1 - - [19/Jan/2016:20:59:48 +0000] "GET /users/Scott%20Stackson HTTP/1.1" 304 - "-" "Mozilla/5.0 (Macintosh; Intel Mac OS X 10_11_2) AppleWebKit/537.36 (KHTML, like Gecko) Chrome/47.0.2526.106 Safari/537.36"
::1 - - [19/Jan/2016:21:00:01 +0000] "GET /users/Scott%20Stackson HTTP/1.1" 304 - "-" "Mozilla/5.0 (Macintosh; Intel Mac OS X 10_11_2) AppleWebKit/537.36 (KHTML, like Gecko) Chrome/47.0.2526.106 Safari/537.36"
::1 - - [19/Jan/2016:21:00:02 +0000] "GET /users/Scott%20Stackson HTTP/1.1" 304 - "-" "Mozilla/5.0 (Macintosh; Intel Mac OS X 10_11_2) AppleWebKit/537.36 (KHTML, like Gecko) Chrome/47.0.2526.106 Safari/537.36"
::1 - - [19/Jan/2016:21:05:03 +0000] "GET /users/Scott HTTP/1.1" 304 - "-" "Mozilla/5.0 (Macintosh; Intel Mac OS X 10_11_2) AppleWebKit/537.36 (KHTML, like Gecko) Chrome/47.0.2526.106 Safari/537.36"
::1 - - [19/Jan/2016:21:05:07 +0000] "GET /users/Scott%20Stackson HTTP/1.1" 304 - "-" "Mozilla/5.0 (Macintosh; Intel Mac OS X 10_11_2) AppleWebKit/537.36 (KHTML, like Gecko) Chrome/47.0.2526.106 Safari/537.36"
::1 - - [19/Jan/2016:21:05:08 +0000] "GET /users/Scott%20Stackson HTTP/1.1" 304 - "-" "Mozilla/5.0 (Macintosh; Intel Mac OS X 10_11_2) AppleWebKit/537.36 (KHTML, like Gecko) Chrome/47.0.2526.106 Safari/537.36"
::1 - - [19/Jan/2016:21:06:35 +0000] "GET /users/Scott%20Stackson HTTP/1.1" 304 - "-" "Mozilla/5.0 (Macintosh; Intel Mac OS X 10_11_2) AppleWebKit/537.36 (KHTML, like Gecko) Chrome/47.0.2526.106 Safari/537.36"
::1 - - [19/Jan/2016:21:06:41 +0000] "GET /users/Scott%20Stackson HTTP/1.1" 304 - "-" "Mozilla/5.0 (Macintosh; Intel Mac OS X 10_11_2) AppleWebKit/537.36 (KHTML, like Gecko) Chrome/47.0.2526.106 Safari/537.36"
::1 - - [19/Jan/2016:21:06:43 +0000] "GET /users/Scott%20Stackson HTTP/1.1" 304 - "-" "Mozilla/5.0 (Macintosh; Intel Mac OS X 10_11_2) AppleWebKit/537.36 (KHTML, like Gecko) Chrome/47.0.2526.106 Safari/537.36"
::1 - - [19/Jan/2016:21:06:58 +0000] "GET /users/Scott%20Stackson HTTP/1.1" 304 - "-" "Mozilla/5.0 (Macintosh; Intel Mac OS X 10_11_2) AppleWebKit/537.36 (KHTML, like Gecko) Chrome/47.0.2526.106 Safari/537.36"
::1 - - [19/Jan/2016:21:07:10 +0000] "GET /users/Scott%20Stackson HTTP/1.1" 304 - "-" "Mozilla/5.0 (Macintosh; Intel Mac OS X 10_11_2) AppleWebKit/537.36 (KHTML, like Gecko) Chrome/47.0.2526.106 Safari/537.36"
::1 - - [19/Jan/2016:21:07:13 +0000] "GET /users/Scott%20Stackson HTTP/1.1" 304 - "-" "Mozilla/5.0 (Macintosh; Intel Mac OS X 10_11_2) AppleWebKit/537.36 (KHTML, like Gecko) Chrome/47.0.2526.106 Safari/537.36"
::1 - - [19/Jan/2016:21:07:44 +0000] "GET /users/Scott%20Stackson HTTP/1.1" 200 3504 "-" "Mozilla/5.0 (Macintosh; Intel Mac OS X 10_11_2) AppleWebKit/537.36 (KHTML, like Gecko) Chrome/47.0.2526.106 Safari/537.36"
::1 - - [19/Jan/2016:21:11:33 +0000] "GET /users/Scott%20Stackson HTTP/1.1" 200 3322 "-" "Mozilla/5.0 (Macintosh; Intel Mac OS X 10_11_2) AppleWebKit/537.36 (KHTML, like Gecko) Chrome/47.0.2526.106 Safari/537.36"
::1 - - [19/Jan/2016:21:11:42 +0000] "GET /users/Scott%20Stackson HTTP/1.1" 304 - "-" "Mozilla/5.0 (Macintosh; Intel Mac OS X 10_11_2) AppleWebKit/537.36 (KHTML, like Gecko) Chrome/47.0.2526.106 Safari/537.36"
::1 - - [19/Jan/2016:21:11:50 +0000] "GET /users/Scott%20Stackson HTTP/1.1" 304 - "-" "Mozilla/5.0 (Macintosh; Intel Mac OS X 10_11_2) AppleWebKit/537.36 (KHTML, like Gecko) Chrome/47.0.2526.106 Safari/537.36"
::1 - - [19/Jan/2016:21:12:46 +0000] "GET /users/Scott%20Stackson HTTP/1.1" 500 1186 "-" "Mozilla/5.0 (Macintosh; Intel Mac OS X 10_11_2) AppleWebKit/537.36 (KHTML, like Gecko) Chrome/47.0.2526.106 Safari/537.36"
::1 - - [19/Jan/2016:21:13:56 +0000] "GET /users/Scott%20Stackson HTTP/1.1" 200 3322 "-" "Mozilla/5.0 (Macintosh; Intel Mac OS X 10_11_2) AppleWebKit/537.36 (KHTML, like Gecko) Chrome/47.0.2526.106 Safari/537.36"
::1 - - [19/Jan/2016:21:14:59 +0000] "GET /users/Scott%20Stackson HTTP/1.1" 304 - "-" "Mozilla/5.0 (Macintosh; Intel Mac OS X 10_11_2) AppleWebKit/537.36 (KHTML, like Gecko) Chrome/47.0.2526.106 Safari/537.36"
::1 - - [19/Jan/2016:21:15:14 +0000] "GET /users/Scott%20Stackson HTTP/1.1" 200 3496 "-" "Mozilla/5.0 (Macintosh; Intel Mac OS X 10_11_2) AppleWebKit/537.36 (KHTML, like Gecko) Chrome/47.0.2526.106 Safari/537.36"
::1 - - [19/Jan/2016:21:15:29 +0000] "GET /users/Scott%20Stackson HTTP/1.1" 200 3322 "-" "Mozilla/5.0 (Macintosh; Intel Mac OS X 10_11_2) AppleWebKit/537.36 (KHTML, like Gecko) Chrome/47.0.2526.106 Safari/537.36"
::1 - - [19/Jan/2016:21:15:49 +0000] "GET /users/Scott%20Stackson HTTP/1.1" 304 - "-" "Mozilla/5.0 (Macintosh; Intel Mac OS X 10_11_2) AppleWebKit/537.36 (KHTML, like Gecko) Chrome/47.0.2526.106 Safari/537.36"
::1 - - [19/Jan/2016:21:15:51 +0000] "GET /users/Scott%20Stackson HTTP/1.1" 304 - "-" "Mozilla/5.0 (Macintosh; Intel Mac OS X 10_11_2) AppleWebKit/537.36 (KHTML, like Gecko) Chrome/47.0.2526.106 Safari/537.36"
::1 - - [19/Jan/2016:21:15:54 +0000] "GET /users/Scott%20Stackson HTTP/1.1" 304 - "-" "Mozilla/5.0 (Macintosh; Intel Mac OS X 10_11_2) AppleWebKit/537.36 (KHTML, like Gecko) Chrome/47.0.2526.106 Safari/537.36"
::1 - - [19/Jan/2016:21:15:58 +0000] "GET /users/Scott%20Stackson HTTP/1.1" 304 - "-" "Mozilla/5.0 (Macintosh; Intel Mac OS X 10_11_2) AppleWebKit/537.36 (KHTML, like Gecko) Chrome/47.0.2526.106 Safari/537.36"
::1 - - [19/Jan/2016:21:18:09 +0000] "GET /users/Scott%20Stackson HTTP/1.1" 200 3496 "-" "Mozilla/5.0 (Macintosh; Intel Mac OS X 10_11_2) AppleWebKit/537.36 (KHTML, like Gecko) Chrome/47.0.2526.106 Safari/537.36"
::1 - - [19/Jan/2016:21:18:27 +0000] "GET /users/Scott%20Stackson HTTP/1.1" 304 - "-" "Mozilla/5.0 (Macintosh; Intel Mac OS X 10_11_2) AppleWebKit/537.36 (KHTML, like Gecko) Chrome/47.0.2526.106 Safari/537.36"
::1 - - [19/Jan/2016:21:18:29 +0000] "GET /users/Scott%20Stackson HTTP/1.1" 304 - "-" "Mozilla/5.0 (Macintosh; Intel Mac OS X 10_11_2) AppleWebKit/537.36 (KHTML, like Gecko) Chrome/47.0.2526.106 Safari/537.36"
::1 - - [19/Jan/2016:21:18:37 +0000] "GET /users/Scott%20Stackson HTTP/1.1" 304 - "-" "Mozilla/5.0 (Macintosh; Intel Mac OS X 10_11_2) AppleWebKit/537.36 (KHTML, like Gecko) Chrome/47.0.2526.106 Safari/537.36"
::1 - - [19/Jan/2016:21:18:49 +0000] "GET /users/Shanna%20Stackson HTTP/1.1" 200 3502 "-" "Mozilla/5.0 (Macintosh; Intel Mac OS X 10_11_2) AppleWebKit/537.36 (KHTML, like Gecko) Chrome/47.0.2526.106 Safari/537.36"
::1 - - [19/Jan/2016:21:20:14 +0000] "GET /users/Shanna%20Stackson HTTP/1.1" 200 3919 "-" "Mozilla/5.0 (Macintosh; Intel Mac OS X 10_11_2) AppleWebKit/537.36 (KHTML, like Gecko) Chrome/47.0.2526.106 Safari/537.36"
::1 - - [19/Jan/2016:21:21:39 +0000] "GET /users/Shanna%20Stackson HTTP/1.1" 304 - "-" "Mozilla/5.0 (Macintosh; Intel Mac OS X 10_11_2) AppleWebKit/537.36 (KHTML, like Gecko) Chrome/47.0.2526.106 Safari/537.36"
::1 - - [19/Jan/2016:21:21:41 +0000] "GET /users/Shanna%20Stackson HTTP/1.1" 304 - "-" "Mozilla/5.0 (Macintosh; Intel Mac OS X 10_11_2) AppleWebKit/537.36 (KHTML, like Gecko) Chrome/47.0.2526.106 Safari/537.36"
::1 - - [19/Jan/2016:21:21:42 +0000] "GET /users/Shanna%20Stackson HTTP/1.1" 304 - "-" "Mozilla/5.0 (Macintosh; Intel Mac OS X 10_11_2) AppleWebKit/537.36 (KHTML, like Gecko) Chrome/47.0.2526.106 Safari/537.36"
::1 - - [19/Jan/2016:21:21:49 +0000] "GET /users/Shanna%20Stackson HTTP/1.1" 304 - "-" "Mozilla/5.0 (Macintosh; Intel Mac OS X 10_11_2) AppleWebKit/537.36 (KHTML, like Gecko) Chrome/47.0.2526.106 Safari/537.36"
::1 - - [19/Jan/2016:21:28:23 +0000] "GET /search/Scott%20Stackson HTTP/1.1" 404 36 "-" "Mozilla/5.0 (Macintosh; Intel Mac OS X 10_11_2) AppleWebKit/537.36 (KHTML, like Gecko) Chrome/47.0.2526.106 Safari/537.36"
::1 - - [19/Jan/2016:21:28:32 +0000] "GET /users/Scott%20Stackson HTTP/1.1" 200 3507 "-" "Mozilla/5.0 (Macintosh; Intel Mac OS X 10_11_2) AppleWebKit/537.36 (KHTML, like Gecko) Chrome/47.0.2526.106 Safari/537.36"
::1 - - [19/Jan/2016:21:29:50 +0000] "GET /users/Scott%20Stackson HTTP/1.1" 200 3670 "-" "Mozilla/5.0 (Macintosh; Intel Mac OS X 10_11_2) AppleWebKit/537.36 (KHTML, like Gecko) Chrome/47.0.2526.106 Safari/537.36"
::1 - - [19/Jan/2016:21:30:26 +0000] "GET /users/Scott%20Stackson HTTP/1.1" 200 3520 "-" "Mozilla/5.0 (Macintosh; Intel Mac OS X 10_11_2) AppleWebKit/537.36 (KHTML, like Gecko) Chrome/47.0.2526.106 Safari/537.36"
::1 - - [19/Jan/2016:21:30:36 +0000] "GET /users/Scott%20Stackson HTTP/1.1" 200 3523 "-" "Mozilla/5.0 (Macintosh; Intel Mac OS X 10_11_2) AppleWebKit/537.36 (KHTML, like Gecko) Chrome/47.0.2526.106 Safari/537.36"
::1 - - [19/Jan/2016:21:34:41 +0000] "GET /tweets HTTP/1.1" 404 19 "-" "Mozilla/5.0 (Macintosh; Intel Mac OS X 10_11_2) AppleWebKit/537.36 (KHTML, like Gecko) Chrome/47.0.2526.106 Safari/537.36"
::1 - - [19/Jan/2016:21:40:37 +0000] "GET /tweets HTTP/1.1" 404 19 "-" "Mozilla/5.0 (Macintosh; Intel Mac OS X 10_11_2) AppleWebKit/537.36 (KHTML, like Gecko) Chrome/47.0.2526.106 Safari/537.36"
::1 - - [19/Jan/2016:21:41:37 +0000] "GET /twitter HTTP/1.1" 404 20 "-" "Mozilla/5.0 (Macintosh; Intel Mac OS X 10_11_2) AppleWebKit/537.36 (KHTML, like Gecko) Chrome/47.0.2526.106 Safari/537.36"
::1 - - [19/Jan/2016:21:41:52 +0000] "GET /twitter HTTP/1.1" 200 3733 "-" "Mozilla/5.0 (Macintosh; Intel Mac OS X 10_11_2) AppleWebKit/537.36 (KHTML, like Gecko) Chrome/47.0.2526.106 Safari/537.36"
::1 - - [19/Jan/2016:21:42:04 +0000] "POST /tweets HTTP/1.1" 404 20 "http://localhost:1337/twitter" "Mozilla/5.0 (Macintosh; Intel Mac OS X 10_11_2) AppleWebKit/537.36 (KHTML, like Gecko) Chrome/47.0.2526.106 Safari/537.36"
::1 - - [19/Jan/2016:21:42:20 +0000] "GET /twitter HTTP/1.1" 404 20 "-" "Mozilla/5.0 (Macintosh; Intel Mac OS X 10_11_2) AppleWebKit/537.36 (KHTML, like Gecko) Chrome/47.0.2526.106 Safari/537.36"
::1 - - [19/Jan/2016:21:42:23 +0000] "GET /tweets HTTP/1.1" 200 3733 "-" "Mozilla/5.0 (Macintosh; Intel Mac OS X 10_11_2) AppleWebKit/537.36 (KHTML, like Gecko) Chrome/47.0.2526.106 Safari/537.36"
::1 - - [19/Jan/2016:21:43:36 +0000] "GET /users/Scott HTTP/1.1" 200 3375 "-" "Mozilla/5.0 (Macintosh; Intel Mac OS X 10_11_2) AppleWebKit/537.36 (KHTML, like Gecko) Chrome/47.0.2526.106 Safari/537.36"
::1 - - [19/Jan/2016:21:43:39 +0000] "GET /users/Scott%20Stackson HTTP/1.1" 200 3565 "-" "Mozilla/5.0 (Macintosh; Intel Mac OS X 10_11_2) AppleWebKit/537.36 (KHTML, like Gecko) Chrome/47.0.2526.106 Safari/537.36"
::1 - - [19/Jan/2016:21:51:08 +0000] "POST /tweets HTTP/1.1" 500 1242 "http://localhost:1337/" "Mozilla/5.0 (Macintosh; Intel Mac OS X 10_11_2) AppleWebKit/537.36 (KHTML, like Gecko) Chrome/47.0.2526.106 Safari/537.36"
::1 - - [19/Jan/2016:21:52:43 +0000] "GET /tweets HTTP/1.1" 404 19 "-" "Mozilla/5.0 (Macintosh; Intel Mac OS X 10_11_2) AppleWebKit/537.36 (KHTML, like Gecko) Chrome/47.0.2526.106 Safari/537.36"
::1 - - [19/Jan/2016:21:52:51 +0000] "POST /tweets HTTP/1.1" 302 46 "http://localhost:1337/" "Mozilla/5.0 (Macintosh; Intel Mac OS X 10_11_2) AppleWebKit/537.36 (KHTML, like Gecko) Chrome/47.0.2526.106 Safari/537.36"
::1 - - [19/Jan/2016:21:52:57 +0000] "POST /tweets HTTP/1.1" 302 46 "http://localhost:1337/" "Mozilla/5.0 (Macintosh; Intel Mac OS X 10_11_2) AppleWebKit/537.36 (KHTML, like Gecko) Chrome/47.0.2526.106 Safari/537.36"
::1 - - [19/Jan/2016:21:53:28 +0000] "POST /tweets HTTP/1.1" 302 46 "http://localhost:1337/" "Mozilla/5.0 (Macintosh; Intel Mac OS X 10_11_2) AppleWebKit/537.36 (KHTML, like Gecko) Chrome/47.0.2526.106 Safari/537.36"
::1 - - [19/Jan/2016:21:54:26 +0000] "POST /tweets HTTP/1.1" 302 46 "http://localhost:1337/" "Mozilla/5.0 (Macintosh; Intel Mac OS X 10_11_2) AppleWebKit/537.36 (KHTML, like Gecko) Chrome/47.0.2526.106 Safari/537.36"
::1 - - [19/Jan/2016:21:56:26 +0000] "POST /tweets HTTP/1.1" - - "http://localhost:1337/" "Mozilla/5.0 (Macintosh; Intel Mac OS X 10_11_2) AppleWebKit/537.36 (KHTML, like Gecko) Chrome/47.0.2526.106 Safari/537.36"
::1 - - [19/Jan/2016:21:57:44 +0000] "POST /tweets HTTP/1.1" 302 46 "http://localhost:1337/" "Mozilla/5.0 (Macintosh; Intel Mac OS X 10_11_2) AppleWebKit/537.36 (KHTML, like Gecko) Chrome/47.0.2526.106 Safari/537.36"
::1 - - [19/Jan/2016:21:58:27 +0000] "POST /tweets HTTP/1.1" 302 46 "http://localhost:1337/" "Mozilla/5.0 (Macintosh; Intel Mac OS X 10_11_2) AppleWebKit/537.36 (KHTML, like Gecko) Chrome/47.0.2526.106 Safari/537.36"
::1 - - [19/Jan/2016:21:58:40 +0000] "POST /tweets HTTP/1.1" 302 46 "http://localhost:1337/" "Mozilla/5.0 (Macintosh; Intel Mac OS X 10_11_2) AppleWebKit/537.36 (KHTML, like Gecko) Chrome/47.0.2526.106 Safari/537.36"
::1 - - [19/Jan/2016:21:58:40 +0000] "POST /tweets HTTP/1.1" 302 46 "http://localhost:1337/" "Mozilla/5.0 (Macintosh; Intel Mac OS X 10_11_2) AppleWebKit/537.36 (KHTML, like Gecko) Chrome/47.0.2526.106 Safari/537.36"
::1 - - [19/Jan/2016:21:58:44 +0000] "GET /users/hi HTTP/1.1" 200 3472 "http://localhost:1337/" "Mozilla/5.0 (Macintosh; Intel Mac OS X 10_11_2) AppleWebKit/537.36 (KHTML, like Gecko) Chrome/47.0.2526.106 Safari/537.36"
::1 - - [19/Jan/2016:21:58:49 +0000] "POST /tweets HTTP/1.1" 302 46 "http://localhost:1337/" "Mozilla/5.0 (Macintosh; Intel Mac OS X 10_11_2) AppleWebKit/537.36 (KHTML, like Gecko) Chrome/47.0.2526.106 Safari/537.36"
::1 - - [19/Jan/2016:21:58:50 +0000] "GET /users/hi HTTP/1.1" 200 3548 "http://localhost:1337/" "Mozilla/5.0 (Macintosh; Intel Mac OS X 10_11_2) AppleWebKit/537.36 (KHTML, like Gecko) Chrome/47.0.2526.106 Safari/537.36"
::1 - - [19/Jan/2016:22:01:00 +0000] "GET /users/Scott HTTP/1.1" 200 3393 "-" "Mozilla/5.0 (Macintosh; Intel Mac OS X 10_11_2) AppleWebKit/537.36 (KHTML, like Gecko) Chrome/47.0.2526.106 Safari/537.36"
::1 - - [19/Jan/2016:22:01:02 +0000] "GET /users/hi HTTP/1.1" 200 3393 "-" "Mozilla/5.0 (Macintosh; Intel Mac OS X 10_11_2) AppleWebKit/537.36 (KHTML, like Gecko) Chrome/47.0.2526.106 Safari/537.36"
::1 - - [19/Jan/2016:22:01:10 +0000] "GET /users/hi HTTP/1.1" 304 - "-" "Mozilla/5.0 (Macintosh; Intel Mac OS X 10_11_2) AppleWebKit/537.36 (KHTML, like Gecko) Chrome/47.0.2526.106 Safari/537.36"
::1 - - [19/Jan/2016:22:01:30 +0000] "GET /users/Scott%20Stackson HTTP/1.1" 200 3583 "-" "Mozilla/5.0 (Macintosh; Intel Mac OS X 10_11_2) AppleWebKit/537.36 (KHTML, like Gecko) Chrome/47.0.2526.106 Safari/537.36"
::1 - - [19/Jan/2016:22:02:52 +0000] "GET /users/Scott%20Stackson HTTP/1.1" 200 3981 "-" "Mozilla/5.0 (Macintosh; Intel Mac OS X 10_11_2) AppleWebKit/537.36 (KHTML, like Gecko) Chrome/47.0.2526.106 Safari/537.36"
::1 - - [19/Jan/2016:22:04:17 +0000] "GET /users/Scott%20Stackson HTTP/1.1" 304 - "-" "Mozilla/5.0 (Macintosh; Intel Mac OS X 10_11_2) AppleWebKit/537.36 (KHTML, like Gecko) Chrome/47.0.2526.106 Safari/537.36"
::1 - - [19/Jan/2016:22:04:18 +0000] "GET /users/Scott%20Stackson HTTP/1.1" 304 - "-" "Mozilla/5.0 (Macintosh; Intel Mac OS X 10_11_2) AppleWebKit/537.36 (KHTML, like Gecko) Chrome/47.0.2526.106 Safari/537.36"
::1 - - [19/Jan/2016:22:04:27 +0000] "GET /users/Scott%20Stackson HTTP/1.1" 200 4002 "-" "Mozilla/5.0 (Macintosh; Intel Mac OS X 10_11_2) AppleWebKit/537.36 (KHTML, like Gecko) Chrome/47.0.2526.106 Safari/537.36"
::1 - - [19/Jan/2016:22:04:56 +0000] "GET /users/Shanna%20Stackson HTTP/1.1" 200 4010 "http://localhost:1337/" "Mozilla/5.0 (Macintosh; Intel Mac OS X 10_11_2) AppleWebKit/537.36 (KHTML, like Gecko) Chrome/47.0.2526.106 Safari/537.36"
::1 - - [19/Jan/2016:22:05:46 +0000] "GET /users/Shanna%20Stackson HTTP/1.1" 200 4009 "http://localhost:1337/" "Mozilla/5.0 (Macintosh; Intel Mac OS X 10_11_2) AppleWebKit/537.36 (KHTML, like Gecko) Chrome/47.0.2526.106 Safari/537.36"
::1 - - [19/Jan/2016:22:06:09 +0000] "GET /users/Scott%20Stackson HTTP/1.1" 200 4001 "-" "Mozilla/5.0 (Macintosh; Intel Mac OS X 10_11_2) AppleWebKit/537.36 (KHTML, like Gecko) Chrome/47.0.2526.106 Safari/537.36"
::1 - - [19/Jan/2016:22:07:03 +0000] "GET /users/Scott%20Stackson HTTP/1.1" 304 - "-" "Mozilla/5.0 (Macintosh; Intel Mac OS X 10_11_2) AppleWebKit/537.36 (KHTML, like Gecko) Chrome/47.0.2526.106 Safari/537.36"
::1 - - [19/Jan/2016:22:07:18 +0000] "GET /users/Scott%20Stackson HTTP/1.1" 200 4001 "-" "Mozilla/5.0 (Macintosh; Intel Mac OS X 10_11_2) AppleWebKit/537.36 (KHTML, like Gecko) Chrome/47.0.2526.106 Safari/537.36"
::1 - - [19/Jan/2016:22:07:54 +0000] "GET /users/Scott%20Stackson HTTP/1.1" 200 4001 "-" "Mozilla/5.0 (Macintosh; Intel Mac OS X 10_11_2) AppleWebKit/537.36 (KHTML, like Gecko) Chrome/47.0.2526.106 Safari/537.36"
::1 - - [19/Jan/2016:22:08:03 +0000] "POST /tweets HTTP/1.1" 302 46 "http://localhost:1337/" "Mozilla/5.0 (Macintosh; Intel Mac OS X 10_11_2) AppleWebKit/537.36 (KHTML, like Gecko) Chrome/47.0.2526.106 Safari/537.36"
::1 - - [19/Jan/2016:22:08:05 +0000] "GET /users/Scott%20Stackson HTTP/1.1" 200 4102 "http://localhost:1337/" "Mozilla/5.0 (Macintosh; Intel Mac OS X 10_11_2) AppleWebKit/537.36 (KHTML, like Gecko) Chrome/47.0.2526.106 Safari/537.36"
::1 - - [19/Jan/2016:22:08:13 +0000] "GET /users/Scott%20Stackson HTTP/1.1" 304 - "http://localhost:1337/" "Mozilla/5.0 (Macintosh; Intel Mac OS X 10_11_2) AppleWebKit/537.36 (KHTML, like Gecko) Chrome/47.0.2526.106 Safari/537.36"
::1 - - [19/Jan/2016:22:10:04 +0000] "GET /users/Scott%20Stackson HTTP/1.1" 200 3797 "http://localhost:1337/" "Mozilla/5.0 (Macintosh; Intel Mac OS X 10_11_2) AppleWebKit/537.36 (KHTML, like Gecko) Chrome/47.0.2526.106 Safari/537.36"
::1 - - [19/Jan/2016:22:10:07 +0000] "GET /users/Scott%20Stackson HTTP/1.1" 304 - "http://localhost:1337/" "Mozilla/5.0 (Macintosh; Intel Mac OS X 10_11_2) AppleWebKit/537.36 (KHTML, like Gecko) Chrome/47.0.2526.106 Safari/537.36"
::1 - - [19/Jan/2016:22:10:38 +0000] "GET /users/Scott%20Stackson HTTP/1.1" 200 4001 "http://localhost:1337/" "Mozilla/5.0 (Macintosh; Intel Mac OS X 10_11_2) AppleWebKit/537.36 (KHTML, like Gecko) Chrome/47.0.2526.106 Safari/537.36"
::1 - - [19/Jan/2016:22:23:01 +0000] "POST /tweets HTTP/1.1" 302 46 "http://localhost:1337/" "Mozilla/5.0 (Macintosh; Intel Mac OS X 10_11_2) AppleWebKit/537.36 (KHTML, like Gecko) Chrome/47.0.2526.106 Safari/537.36"
::1 - - [19/Jan/2016:22:23:08 +0000] "GET /users/Scott%20Stackson HTTP/1.1" 200 4558 "http://localhost:1337/" "Mozilla/5.0 (Macintosh; Intel Mac OS X 10_11_2) AppleWebKit/537.36 (KHTML, like Gecko) Chrome/47.0.2526.106 Safari/537.36"
::1 - - [19/Jan/2016:22:23:11 +0000] "POST /tweets HTTP/1.1" 302 46 "http://localhost:1337/users/Scott%20Stackson" "Mozilla/5.0 (Macintosh; Intel Mac OS X 10_11_2) AppleWebKit/537.36 (KHTML, like Gecko) Chrome/47.0.2526.106 Safari/537.36"
::1 - - [19/Jan/2016:22:23:15 +0000] "GET /users/Scott HTTP/1.1" 200 4440 "http://localhost:1337/" "Mozilla/5.0 (Macintosh; Intel Mac OS X 10_11_2) AppleWebKit/537.36 (KHTML, like Gecko) Chrome/47.0.2526.106 Safari/537.36"
::1 - - [19/Jan/2016:22:26:45 +0000] "POST /tweets HTTP/1.1" 302 46 "http://localhost:1337/" "Mozilla/5.0 (Macintosh; Intel Mac OS X 10_11_2) AppleWebKit/537.36 (KHTML, like Gecko) Chrome/47.0.2526.106 Safari/537.36"
::1 - - [19/Jan/2016:22:26:53 +0000] "POST /tweets HTTP/1.1" 302 46 "http://localhost:1337/" "Mozilla/5.0 (Macintosh; Intel Mac OS X 10_11_2) AppleWebKit/537.36 (KHTML, like Gecko) Chrome/47.0.2526.106 Safari/537.36"
::1 - - [19/Jan/2016:22:27:05 +0000] "GET /users/1 HTTP/1.1" 200 4501 "http://localhost:1337/" "Mozilla/5.0 (Macintosh; Intel Mac OS X 10_11_2) AppleWebKit/537.36 (KHTML, like Gecko) Chrome/47.0.2526.106 Safari/537.36"
::1 - - [19/Jan/2016:22:28:15 +0000] "GET /users/Scott%20Ternary HTTP/1.1" 200 4561 "http://localhost:1337/" "Mozilla/5.0 (Macintosh; Intel Mac OS X 10_11_2) AppleWebKit/537.36 (KHTML, like Gecko) Chrome/47.0.2526.106 Safari/537.36"
::1 - - [19/Jan/2016:22:28:16 +0000] "GET /users/Scott%20Ternary HTTP/1.1" 304 - "http://localhost:1337/users/Scott%20Ternary" "Mozilla/5.0 (Macintosh; Intel Mac OS X 10_11_2) AppleWebKit/537.36 (KHTML, like Gecko) Chrome/47.0.2526.106 Safari/537.36"
::1 - - [19/Jan/2016:22:30:16 +0000] "POST /tweets HTTP/1.1" 302 46 "http://localhost:1337/" "Mozilla/5.0 (Macintosh; Intel Mac OS X 10_11_2) AppleWebKit/537.36 (KHTML, like Gecko) Chrome/47.0.2526.106 Safari/537.36"
::1 - - [19/Jan/2016:22:30:39 +0000] "POST /tweets HTTP/1.1" 302 46 "http://localhost:1337/" "Mozilla/5.0 (Macintosh; Intel Mac OS X 10_11_2) AppleWebKit/537.36 (KHTML, like Gecko) Chrome/47.0.2526.106 Safari/537.36"
::1 - - [19/Jan/2016:22:33:49 +0000] "GET /socket.io/?EIO=3&transport=polling&t=L9S1SdA HTTP/1.1" 404 65 "http://localhost:1337/" "Mozilla/5.0 (Macintosh; Intel Mac OS X 10_11_2) AppleWebKit/537.36 (KHTML, like Gecko) Chrome/47.0.2526.106 Safari/537.36"
::1 - - [19/Jan/2016:22:33:55 +0000] "GET /socket.io/?EIO=3&transport=polling&t=L9S1U5H HTTP/1.1" 404 65 "http://localhost:1337/" "Mozilla/5.0 (Macintosh; Intel Mac OS X 10_11_2) AppleWebKit/537.36 (KHTML, like Gecko) Chrome/47.0.2526.106 Safari/537.36"
::1 - - [19/Jan/2016:22:33:56 +0000] "GET /socket.io/socket.io.js HTTP/1.1" 404 35 "http://localhost:1337/" "Mozilla/5.0 (Macintosh; Intel Mac OS X 10_11_2) AppleWebKit/537.36 (KHTML, like Gecko) Chrome/47.0.2526.106 Safari/537.36"
::1 - - [19/Jan/2016:22:33:58 +0000] "POST /tweets HTTP/1.1" 302 46 "http://localhost:1337/" "Mozilla/5.0 (Macintosh; Intel Mac OS X 10_11_2) AppleWebKit/537.36 (KHTML, like Gecko) Chrome/47.0.2526.106 Safari/537.36"
::1 - - [19/Jan/2016:22:33:58 +0000] "GET /socket.io/socket.io.js HTTP/1.1" 404 35 "http://localhost:1337/" "Mozilla/5.0 (Macintosh; Intel Mac OS X 10_11_2) AppleWebKit/537.36 (KHTML, like Gecko) Chrome/47.0.2526.106 Safari/537.36"
::1 - - [19/Jan/2016:22:34:12 +0000] "GET /favicon.ico HTTP/1.1" 404 24 "http://localhost:1338/" "Mozilla/5.0 (Macintosh; Intel Mac OS X 10_11_2) AppleWebKit/537.36 (KHTML, like Gecko) Chrome/47.0.2526.106 Safari/537.36"
::1 - - [19/Jan/2016:22:34:14 +0000] "POST /tweets HTTP/1.1" 302 46 "http://localhost:1338/" "Mozilla/5.0 (Macintosh; Intel Mac OS X 10_11_2) AppleWebKit/537.36 (KHTML, like Gecko) Chrome/47.0.2526.106 Safari/537.36"
::1 - - [19/Jan/2016:22:51:23 +0000] "POST /tweets HTTP/1.1" 302 46 "http://localhost:1338/" "Mozilla/5.0 (Macintosh; Intel Mac OS X 10_11_2) AppleWebKit/537.36 (KHTML, like Gecko) Chrome/47.0.2526.106 Safari/537.36"
::1 - - [19/Jan/2016:22:53:47 +0000] "GET /socket.io/socket.io.js HTTP/1.1" 404 35 "http://localhost:1337/" "Mozilla/5.0 (Macintosh; Intel Mac OS X 10_11_2) AppleWebKit/537.36 (KHTML, like Gecko) Chrome/47.0.2526.106 Safari/537.36"
::1 - - [19/Jan/2016:23:02:54 +0000] "POST /tweets HTTP/1.1" 302 46 "http://localhost:1338/" "Mozilla/5.0 (Macintosh; Intel Mac OS X 10_11_2) AppleWebKit/537.36 (KHTML, like Gecko) Chrome/47.0.2526.106 Safari/537.36"
::1 - - [19/Jan/2016:23:03:13 +0000] "GET /users/1 HTTP/1.1" 200 4569 "http://localhost:1338/" "Mozilla/5.0 (Macintosh; Intel Mac OS X 10_11_2) AppleWebKit/537.36 (KHTML, like Gecko) Chrome/47.0.2526.106 Safari/537.36"
::1 - - [19/Jan/2016:23:04:11 +0000] "POST /tweets HTTP/1.1" 302 46 "http://localhost:1338/" "Mozilla/5.0 (Macintosh; Intel Mac OS X 10_11_2) AppleWebKit/537.36 (KHTML, like Gecko) Chrome/47.0.2526.106 Safari/537.36"
::1 - - [19/Jan/2016:23:04:16 +0000] "GET /socket.io/socket.io.js HTTP/1.1" 404 35 "http://localhost:1337/" "Mozilla/5.0 (Macintosh; Intel Mac OS X 10_11_2) AppleWebKit/537.36 (KHTML, like Gecko) Chrome/47.0.2526.106 Safari/537.36"
::1 - - [19/Jan/2016:23:04:20 +0000] "POST /tweets HTTP/1.1" 302 46 "http://localhost:1337/" "Mozilla/5.0 (Macintosh; Intel Mac OS X 10_11_2) AppleWebKit/537.36 (KHTML, like Gecko) Chrome/47.0.2526.106 Safari/537.36"
::1 - - [19/Jan/2016:23:04:20 +0000] "GET /socket.io/socket.io.js HTTP/1.1" 404 35 "http://localhost:1337/" "Mozilla/5.0 (Macintosh; Intel Mac OS X 10_11_2) AppleWebKit/537.36 (KHTML, like Gecko) Chrome/47.0.2526.106 Safari/537.36"
::1 - - [19/Jan/2016:23:04:20 +0000] "POST /tweets HTTP/1.1" 302 46 "http://localhost:1337/" "Mozilla/5.0 (Macintosh; Intel Mac OS X 10_11_2) AppleWebKit/537.36 (KHTML, like Gecko) Chrome/47.0.2526.106 Safari/537.36"
::1 - - [19/Jan/2016:23:04:20 +0000] "GET /socket.io/socket.io.js HTTP/1.1" 404 35 "http://localhost:1337/" "Mozilla/5.0 (Macintosh; Intel Mac OS X 10_11_2) AppleWebKit/537.36 (KHTML, like Gecko) Chrome/47.0.2526.106 Safari/537.36"
::1 - - [19/Jan/2016:23:04:20 +0000] "POST /tweets HTTP/1.1" 302 46 "http://localhost:1337/" "Mozilla/5.0 (Macintosh; Intel Mac OS X 10_11_2) AppleWebKit/537.36 (KHTML, like Gecko) Chrome/47.0.2526.106 Safari/537.36"
::1 - - [19/Jan/2016:23:04:20 +0000] "GET /socket.io/socket.io.js HTTP/1.1" 404 35 "http://localhost:1337/" "Mozilla/5.0 (Macintosh; Intel Mac OS X 10_11_2) AppleWebKit/537.36 (KHTML, like Gecko) Chrome/47.0.2526.106 Safari/537.36"
::1 - - [19/Jan/2016:23:04:20 +0000] "POST /tweets HTTP/1.1" 302 46 "http://localhost:1337/" "Mozilla/5.0 (Macintosh; Intel Mac OS X 10_11_2) AppleWebKit/537.36 (KHTML, like Gecko) Chrome/47.0.2526.106 Safari/537.36"
::1 - - [19/Jan/2016:23:04:20 +0000] "GET /socket.io/socket.io.js HTTP/1.1" 404 35 "http://localhost:1337/" "Mozilla/5.0 (Macintosh; Intel Mac OS X 10_11_2) AppleWebKit/537.36 (KHTML, like Gecko) Chrome/47.0.2526.106 Safari/537.36"
::1 - - [19/Jan/2016:23:04:20 +0000] "POST /tweets HTTP/1.1" 302 46 "http://localhost:1337/" "Mozilla/5.0 (Macintosh; Intel Mac OS X 10_11_2) AppleWebKit/537.36 (KHTML, like Gecko) Chrome/47.0.2526.106 Safari/537.36"
::1 - - [19/Jan/2016:23:04:21 +0000] "GET /socket.io/socket.io.js HTTP/1.1" 404 35 "http://localhost:1337/" "Mozilla/5.0 (Macintosh; Intel Mac OS X 10_11_2) AppleWebKit/537.36 (KHTML, like Gecko) Chrome/47.0.2526.106 Safari/537.36"
::1 - - [19/Jan/2016:23:04:21 +0000] "POST /tweets HTTP/1.1" 302 46 "http://localhost:1337/" "Mozilla/5.0 (Macintosh; Intel Mac OS X 10_11_2) AppleWebKit/537.36 (KHTML, like Gecko) Chrome/47.0.2526.106 Safari/537.36"
::1 - - [19/Jan/2016:23:04:21 +0000] "GET /socket.io/socket.io.js HTTP/1.1" 404 35 "http://localhost:1337/" "Mozilla/5.0 (Macintosh; Intel Mac OS X 10_11_2) AppleWebKit/537.36 (KHTML, like Gecko) Chrome/47.0.2526.106 Safari/537.36"
::1 - - [19/Jan/2016:23:04:21 +0000] "POST /tweets HTTP/1.1" 302 46 "http://localhost:1337/" "Mozilla/5.0 (Macintosh; Intel Mac OS X 10_11_2) AppleWebKit/537.36 (KHTML, like Gecko) Chrome/47.0.2526.106 Safari/537.36"
::1 - - [19/Jan/2016:23:04:21 +0000] "GET /socket.io/socket.io.js HTTP/1.1" 404 35 "http://localhost:1337/" "Mozilla/5.0 (Macintosh; Intel Mac OS X 10_11_2) AppleWebKit/537.36 (KHTML, like Gecko) Chrome/47.0.2526.106 Safari/537.36"
::1 - - [19/Jan/2016:23:04:22 +0000] "GET /socket.io/socket.io.js HTTP/1.1" 404 35 "http://localhost:1337/" "Mozilla/5.0 (Macintosh; Intel Mac OS X 10_11_2) AppleWebKit/537.36 (KHTML, like Gecko) Chrome/47.0.2526.106 Safari/537.36"
::1 - - [19/Jan/2016:23:04:23 +0000] "GET /socket.io/socket.io.js HTTP/1.1" 404 35 "http://localhost:1337/" "Mozilla/5.0 (Macintosh; Intel Mac OS X 10_11_2) AppleWebKit/537.36 (KHTML, like Gecko) Chrome/47.0.2526.106 Safari/537.36"
::1 - - [19/Jan/2016:23:04:34 +0000] "GET /socket.io/socket.io.js HTTP/1.1" 404 35 "http://localhost:1337/" "Mozilla/5.0 (Macintosh; Intel Mac OS X 10_11_2) AppleWebKit/537.36 (KHTML, like Gecko) Chrome/47.0.2526.106 Safari/537.36"
::1 - - [19/Jan/2016:23:04:41 +0000] "POST /tweets HTTP/1.1" 302 46 "http://localhost:1337/" "Mozilla/5.0 (Macintosh; Intel Mac OS X 10_11_2) AppleWebKit/537.36 (KHTML, like Gecko) Chrome/47.0.2526.106 Safari/537.36"
::1 - - [19/Jan/2016:23:04:41 +0000] "GET /socket.io/socket.io.js HTTP/1.1" 404 35 "http://localhost:1337/" "Mozilla/5.0 (Macintosh; Intel Mac OS X 10_11_2) AppleWebKit/537.36 (KHTML, like Gecko) Chrome/47.0.2526.106 Safari/537.36"
::1 - - [19/Jan/2016:23:05:14 +0000] "POST /tweets HTTP/1.1" 302 46 "http://localhost:1338/" "Mozilla/5.0 (Macintosh; Intel Mac OS X 10_11_2) AppleWebKit/537.36 (KHTML, like Gecko) Chrome/47.0.2526.106 Safari/537.36"
::1 - - [19/Jan/2016:23:08:05 +0000] "POST /tweets HTTP/1.1" 302 46 "http://localhost:1338/" "Mozilla/5.0 (Macintosh; Intel Mac OS X 10_11_2) AppleWebKit/537.36 (KHTML, like Gecko) Chrome/47.0.2526.106 Safari/537.36"
::ffff:192.168.2.164 - - [19/Jan/2016:23:08:35 +0000] "GET /favicon.ico HTTP/1.1" 404 24 "http://192.168.2.164:1338/" "Mozilla/5.0 (Macintosh; Intel Mac OS X 10_11_2) AppleWebKit/537.36 (KHTML, like Gecko) Chrome/47.0.2526.106 Safari/537.36"
::ffff:192.168.2.164 - - [19/Jan/2016:23:09:47 +0000] "GET /favicon.ico HTTP/1.1" 404 24 "http://192.168.2.164:1337/" "Mozilla/5.0 (Macintosh; Intel Mac OS X 10_11_2) AppleWebKit/537.36 (KHTML, like Gecko) Chrome/47.0.2526.106 Safari/537.36"
::ffff:192.168.2.164 - - [19/Jan/2016:23:15:04 +0000] "POST /tweets HTTP/1.1" 302 46 "http://192.168.2.164:1337/" "Mozilla/5.0 (Macintosh; Intel Mac OS X 10_11_2) AppleWebKit/537.36 (KHTML, like Gecko) Chrome/47.0.2526.106 Safari/537.36"
::ffff:192.168.2.164 - - [19/Jan/2016:23:20:51 +0000] "POST /tweets HTTP/1.1" 302 46 "http://192.168.2.164:1337/" "Mozilla/5.0 (Macintosh; Intel Mac OS X 10_11_2) AppleWebKit/537.36 (KHTML, like Gecko) Chrome/47.0.2526.106 Safari/537.36"
::ffff:192.168.2.164 - - [19/Jan/2016:23:20:58 +0000] "POST /tweets HTTP/1.1" 302 46 "http://192.168.2.164:1337/" "Mozilla/5.0 (Macintosh; Intel Mac OS X 10_11_2) AppleWebKit/537.36 (KHTML, like Gecko) Chrome/47.0.2526.106 Safari/537.36"
